2023-03-01 22:56:34.358|INFO|cloud_disk.go:77|main.initialize|main.initialize|success to initialize the cloud disksuccess to initialize the cloud disk
2023-03-01 22:58:42.124|INFO|cloud_disk.go:77|main.initialize|success to initialize the cloud disksuccess to initialize the cloud disk
2023-03-01 22:58:42.125|ERROR|cloud_disk.go:25|main.main|start server error:[listen tcp 127.0.0.1:8080: bind: address already in use]start server error:%!s(MISSING)
2023-05-06 22:50:07.416|INFO|cloud_disk.go:79|main.initialize|success to initialize the cloud disk
2023-06-03 18:22:21.327|INFO|cloud_disk.go:83|main.initialize|success to initialize the cloud disk
2023-06-04 13:54:50.689|INFO|cloud_disk.go:84|main.initialize|success to initialize the cloud disk
2023-06-08 22:29:25.701|INFO|cloud_disk.go:84|main.initialize|success to initialize the cloud disk
2023-12-23 02:11:13.165|INFO|cloud_disk.go:89|main.initialize|success to initialize the cloud disk
2023-12-23 02:28:59.926|INFO|cloud_disk.go:90|main.initialize|success to initialize the cloud disk
2023-12-23 02:29:46.569|INFO|cloud_disk.go:90|main.initialize|success to initialize the cloud disk
2023-12-23 02:59:58.771|INFO|cloud_disk.go:85|main.initialize|success to initialize the cloud disk
2023-12-23 03:00:26.055|INFO|cloud_disk.go:85|main.initialize|success to initialize the cloud disk
2023-12-23 03:00:26.056|ERROR|cloud_disk.go:26|main.main|start server error:[listen tcp 127.0.0.1:8080: bind: address already in use]
2023-12-23 03:01:13.418|INFO|cloud_disk.go:85|main.initialize|success to initialize the cloud disk
2023-12-23 03:01:13.419|ERROR|cloud_disk.go:26|main.main|start server error:[listen tcp 127.0.0.1:8080: bind: address already in use]
2023-12-23 03:05:04.328|INFO|cloud_disk.go:85|main.initialize|success to initialize the cloud disk
2023-12-23 03:08:12.809|INFO|cloud_disk.go:85|main.initialize|success to initialize the cloud disk
2023-12-23 03:09:38.582|INFO|cloud_disk.go:85|main.initialize|success to initialize the cloud disk
2023-12-23 03:09:38.583|ERROR|cloud_disk.go:26|main.main|start server error:[listen tcp 127.0.0.1:8080: bind: address already in use]
2023-12-23 03:11:05.763|INFO|cloud_disk.go:85|main.initialize|success to initialize the cloud disk
2023-12-23 03:11:38.609|INFO|cloud_disk.go:85|main.initialize|success to initialize the cloud disk
2023-12-23 03:13:55.123|INFO|cloud_disk.go:85|main.initialize|success to initialize the cloud disk
2023-12-23 03:14:07.261|INFO|cloud_disk.go:85|main.initialize|success to initialize the cloud disk
2023-12-23 03:16:25.395|INFO|cloud_disk.go:85|main.initialize|success to initialize the cloud disk
2023-12-23 03:27:43.244|INFO|cloud_disk.go:85|main.initialize|success to initialize the cloud disk
2023-12-23 03:28:44.380|INFO|cloud_disk.go:85|main.initialize|success to initialize the cloud disk
2023-12-23 03:29:57.860|INFO|cloud_disk.go:85|main.initialize|success to initialize the cloud disk
2023-12-23 03:32:46.001|INFO|cloud_disk.go:85|main.initialize|success to initialize the cloud disk
2023-12-23 03:33:47.697|INFO|cloud_disk.go:85|main.initialize|success to initialize the cloud disk
2023-12-23 03:34:03.652|INFO|cloud_disk.go:85|main.initialize|success to initialize the cloud disk
2024-01-17 22:37:23.829|INFO|cloud_disk.go:86|main.initialize|success to initialize the cloud disk
